# JRE version: OpenJDK Runtime Environment Temurin-21.0.10+7 (21.0.10+7) (build 21.0.10+7-LTS)
# Java VM: OpenJDK 64-Bit Server VM Temurin-21.0.10+7 (21.0.10+7-LTS, mixed mode, sharing, tiered, compressed oops, compressed class ptrs, parallel gc, windows-amd64)
GC Precious Log:
 CardTable entry size: 512
 CPUs: 12 total, 12 available
 Memory: 16016M
 Large Page Support: Disabled
 NUMA Support: Disabled
 Compressed Oops: Enabled (32-bit)
 Alignments: Space 512K, Generation 512K, Heap 2M
 Heap Min Capacity: 100M
 Heap Initial Capacity: 100M
 Heap Max Capacity: 2G
 Pre-touch: Disabled
 Parallel Workers: 10
Heap:
 PSYoungGen      total 3072K, used 1983K [0x00000000d5580000, 0x00000000d5b00000, 0x0000000100000000)
  eden space 2560K, 69% used [0x00000000d5580000,0x00000000d573fc48,0x00000000d5800000)
  from space 512K, 37% used [0x00000000d5a80000,0x00000000d5ab0000,0x00000000d5b00000)
  to   space 512K, 0% used [0x00000000d5a00000,0x00000000d5a00000,0x00000000d5a80000)
 ParOldGen       total 366080K, used 365879K [0x0000000080000000, 0x0000000096580000, 0x00000000d5580000)
  object space 366080K, 99% used [0x0000000080000000,0x000000009654de80,0x0000000096580000)
 Metaspace       used 94224K, committed 95872K, reserved 1179648K
  class space    used 9463K, committed 10240K, reserved 1048576K
GC Heap History (20 events):
Event: 100541.582 GC heap before
{Heap before GC invocations=4814 (full 8):
 PSYoungGen      total 3072K, used 2229K [0x00000000d5580000, 0x00000000d5b00000, 0x0000000100000000)
  eden space 2560K, 77% used [0x00000000d5580000,0x00000000d576d478,0x00000000d5800000)
  from space 512K, 50% used [0x00000000d5a80000,0x00000000d5ac0000,0x00000000d5b00000)
  to   space 512K, 0% used [0x00000000d5a00000,0x00000000d5a00000,0x00000000d5a80000)
 ParOldGen       total 364544K, used 364438K [0x0000000080000000, 0x0000000096400000, 0x00000000d5580000)
  object space 364544K, 99% used [0x0000000080000000,0x00000000963e59e0,0x0000000096400000)
 Metaspace       used 94220K, committed 95872K, reserved 1179648K
  class space    used 9463K, committed 10240K, reserved 1048576K
}
Event: 100541.582 GC heap after
{Heap after GC invocations=4814 (full 8):
 PSYoungGen      total 3072K, used 288K [0x00000000d5580000, 0x00000000d5b00000, 0x0000000100000000)
  eden space 2560K, 0% used [0x00000000d5580000,0x00000000d5580000,0x00000000d5800000)
  from space 512K, 56% used [0x00000000d5a00000,0x00000000d5a48000,0x00000000d5a80000)
  to   space 512K, 0% used [0x00000000d5a80000,0x00000000d5a80000,0x00000000d5b00000)
 ParOldGen       total 364544K, used 364502K [0x0000000080000000, 0x0000000096400000, 0x00000000d5580000)
  object space 364544K, 99% used [0x0000000080000000,0x00000000963f59e0,0x0000000096400000)
 Metaspace       used 94220K, committed 95872K, reserved 1179648K
  class space    used 9463K, committed 10240K, reserved 1048576K
}
Event: 100541.752 GC heap before
{Heap before GC invocations=4815 (full 8):
 PSYoungGen      total 3072K, used 2848K [0x00000000d5580000, 0x00000000d5b00000, 0x0000000100000000)
  eden space 2560K, 100% used [0x00000000d5580000,0x00000000d5800000,0x00000000d5800000)
  from space 512K, 56% used [0x00000000d5a00000,0x00000000d5a48000,0x00000000d5a80000)
  to   space 512K, 0% used [0x00000000d5a80000,0x00000000d5a80000,0x00000000d5b00000)
 ParOldGen       total 364544K, used 364502K [0x0000000080000000, 0x0000000096400000, 0x00000000d5580000)
  object space 364544K, 99% used [0x0000000080000000,0x00000000963f59e0,0x0000000096400000)
 Metaspace       used 94220K, committed 95872K, reserved 1179648K
  class space    used 9463K, committed 10240K, reserved 1048576K
}
Event: 100541.753 GC heap after
{Heap after GC invocations=4815 (full 8):
 PSYoungGen      total 3072K, used 320K [0x00000000d5580000, 0x00000000d5b00000, 0x0000000100000000)
  eden space 2560K, 0% used [0x00000000d5580000,0x00000000d5580000,0x00000000d5800000)
  from space 512K, 62% used [0x00000000d5a80000,0x00000000d5ad0000,0x00000000d5b00000)
  to   space 512K, 0% used [0x00000000d5a00000,0x00000000d5a00000,0x00000000d5a80000)
 ParOldGen       total 365056K, used 364550K [0x0000000080000000, 0x0000000096480000, 0x00000000d5580000)
  object space 365056K, 99% used [0x0000000080000000,0x00000000964019e0,0x0000000096480000)
 Metaspace       used 94220K, committed 95872K, reserved 1179648K
  class space    used 9463K, committed 10240K, reserved 1048576K
}
Event: 100541.932 GC heap before
{Heap before GC invocations=4816 (full 8):
 PSYoungGen      total 3072K, used 2880K [0x00000000d5580000, 0x00000000d5b00000, 0x0000000100000000)
  eden space 2560K, 100% used [0x00000000d5580000,0x00000000d5800000,0x00000000d5800000)
  from space 512K, 62% used [0x00000000d5a80000,0x00000000d5ad0000,0x00000000d5b00000)
  to   space 512K, 0% used [0x00000000d5a00000,0x00000000d5a00000,0x00000000d5a80000)
 ParOldGen       total 365056K, used 364550K [0x0000000080000000, 0x0000000096480000, 0x00000000d5580000)
  object space 365056K, 99% used [0x0000000080000000,0x00000000964019e0,0x0000000096480000)
 Metaspace       used 94222K, committed 95872K, reserved 1179648K
  class space    used 9463K, committed 10240K, reserved 1048576K
}
Event: 100541.933 GC heap after
{Heap after GC invocations=4816 (full 8):
 PSYoungGen      total 3072K, used 400K [0x00000000d5580000, 0x00000000d5b00000, 0x0000000100000000)
  eden space 2560K, 0% used [0x00000000d5580000,0x00000000d5580000,0x00000000d5800000)
  from space 512K, 78% used [0x00000000d5a00000,0x00000000d5a64030,0x00000000d5a80000)
  to   space 512K, 0% used [0x00000000d5a80000,0x00000000d5a80000,0x00000000d5b00000)
 ParOldGen       total 365056K, used 364654K [0x0000000080000000, 0x0000000096480000, 0x00000000d5580000)
  object space 365056K, 99% used [0x0000000080000000,0x000000009641b9e0,0x0000000096480000)
 Metaspace       used 94222K, committed 95872K, reserved 1179648K
  class space    used 9463K, committed 10240K, reserved 1048576K
}
Event: 100909.667 GC heap before
{Heap before GC invocations=4817 (full 8):
 PSYoungGen      total 3072K, used 2960K [0x00000000d5580000, 0x00000000d5b00000, 0x0000000100000000)
  eden space 2560K, 100% used [0x00000000d5580000,0x00000000d5800000,0x00000000d5800000)
  from space 512K, 78% used [0x00000000d5a00000,0x00000000d5a64030,0x00000000d5a80000)
  to   space 512K, 0% used [0x00000000d5a80000,0x00000000d5a80000,0x00000000d5b00000)
 ParOldGen       total 365056K, used 364654K [0x0000000080000000, 0x0000000096480000, 0x00000000d5580000)
  object space 365056K, 99% used [0x0000000080000000,0x000000009641b9e0,0x0000000096480000)
 Metaspace       used 94222K, committed 95872K, reserved 1179648K
  class space    used 9463K, committed 10240K, reserved 1048576K
}
Event: 100909.671 GC heap after
{Heap after GC invocations=4817 (full 8):
 PSYoungGen      total 3072K, used 457K [0x00000000d5580000, 0x00000000d5b00000, 0x0000000100000000)
  eden space 2560K, 0% used [0x00000000d5580000,0x00000000d5580000,0x00000000d5800000)
  from space 512K, 89% used [0x00000000d5a80000,0x00000000d5af2420,0x00000000d5b00000)
  to   space 512K, 0% used [0x00000000d5a00000,0x00000000d5a00000,0x00000000d5a80000)
 ParOldGen       total 365056K, used 364910K [0x0000000080000000, 0x0000000096480000, 0x00000000d5580000)
  object space 365056K, 99% used [0x0000000080000000,0x000000009645ba50,0x0000000096480000)
 Metaspace       used 94222K, committed 95872K, reserved 1179648K
  class space    used 9463K, committed 10240K, reserved 1048576K
}
Event: 100909.682 GC heap before
{Heap before GC invocations=4818 (full 8):
 PSYoungGen      total 3072K, used 3017K [0x00000000d5580000, 0x00000000d5b00000, 0x0000000100000000)
  eden space 2560K, 100% used [0x00000000d5580000,0x00000000d5800000,0x00000000d5800000)
  from space 512K, 89% used [0x00000000d5a80000,0x00000000d5af2420,0x00000000d5b00000)
  to   space 512K, 0% used [0x00000000d5a00000,0x00000000d5a00000,0x00000000d5a80000)
 ParOldGen       total 365056K, used 364910K [0x0000000080000000, 0x0000000096480000, 0x00000000d5580000)
  object space 365056K, 99% used [0x0000000080000000,0x000000009645ba50,0x0000000096480000)
 Metaspace       used 94222K, committed 95872K, reserved 1179648K
  class space    used 9463K, committed 10240K, reserved 1048576K
}
Event: 100909.683 GC heap after
{Heap after GC invocations=4818 (full 8):
 PSYoungGen      total 3072K, used 448K [0x00000000d5580000, 0x00000000d5b00000, 0x0000000100000000)
  eden space 2560K, 0% used [0x00000000d5580000,0x00000000d5580000,0x00000000d5800000)
  from space 512K, 87% used [0x00000000d5a00000,0x00000000d5a70000,0x00000000d5a80000)
  to   space 512K, 0% used [0x00000000d5a80000,0x00000000d5a80000,0x00000000d5b00000)
 ParOldGen       total 365568K, used 365215K [0x0000000080000000, 0x0000000096500000, 0x00000000d5580000)
  object space 365568K, 99% used [0x0000000080000000,0x00000000964a7e80,0x0000000096500000)
 Metaspace       used 94222K, committed 95872K, reserved 1179648K
  class space    used 9463K, committed 10240K, reserved 1048576K
}
Event: 100909.730 GC heap before
{Heap before GC invocations=4819 (full 8):
 PSYoungGen      total 3072K, used 3008K [0x00000000d5580000, 0x00000000d5b00000, 0x0000000100000000)
  eden space 2560K, 100% used [0x00000000d5580000,0x00000000d5800000,0x00000000d5800000)
  from space 512K, 87% used [0x00000000d5a00000,0x00000000d5a70000,0x00000000d5a80000)
  to   space 512K, 0% used [0x00000000d5a80000,0x00000000d5a80000,0x00000000d5b00000)
 ParOldGen       total 365568K, used 365215K [0x0000000080000000, 0x0000000096500000, 0x00000000d5580000)
  object space 365568K, 99% used [0x0000000080000000,0x00000000964a7e80,0x0000000096500000)
 Metaspace       used 94222K, committed 95872K, reserved 1179648K
  class space    used 9463K, committed 10240K, reserved 1048576K
}
Event: 100909.732 GC heap after
{Heap after GC invocations=4819 (full 8):
 PSYoungGen      total 3072K, used 384K [0x00000000d5580000, 0x00000000d5b00000, 0x0000000100000000)
  eden space 2560K, 0% used [0x00000000d5580000,0x00000000d5580000,0x00000000d5800000)
  from space 512K, 75% used [0x00000000d5a80000,0x00000000d5ae0000,0x00000000d5b00000)
  to   space 512K, 0% used [0x00000000d5a00000,0x00000000d5a00000,0x00000000d5a80000)
 ParOldGen       total 365568K, used 365527K [0x0000000080000000, 0x0000000096500000, 0x00000000d5580000)
  object space 365568K, 99% used [0x0000000080000000,0x00000000964f5e80,0x0000000096500000)
 Metaspace       used 94222K, committed 95872K, reserved 1179648K
  class space    used 9463K, committed 10240K, reserved 1048576K
}
Event: 100911.529 GC heap before
{Heap before GC invocations=4820 (full 8):
 PSYoungGen      total 3072K, used 2944K [0x00000000d5580000, 0x00000000d5b00000, 0x0000000100000000)
  eden space 2560K, 100% used [0x00000000d5580000,0x00000000d5800000,0x00000000d5800000)
  from space 512K, 75% used [0x00000000d5a80000,0x00000000d5ae0000,0x00000000d5b00000)
  to   space 512K, 0% used [0x00000000d5a00000,0x00000000d5a00000,0x00000000d5a80000)
 ParOldGen       total 365568K, used 365527K [0x0000000080000000, 0x0000000096500000, 0x00000000d5580000)
  object space 365568K, 99% used [0x0000000080000000,0x00000000964f5e80,0x0000000096500000)
 Metaspace       used 94222K, committed 95872K, reserved 1179648K
  class space    used 9463K, committed 10240K, reserved 1048576K
}
Event: 100911.531 GC heap after
{Heap after GC invocations=4820 (full 8):
 PSYoungGen      total 3072K, used 320K [0x00000000d5580000, 0x00000000d5b00000, 0x0000000100000000)
  eden space 2560K, 0% used [0x00000000d5580000,0x00000000d5580000,0x00000000d5800000)
  from space 512K, 62% used [0x00000000d5a00000,0x00000000d5a50000,0x00000000d5a80000)
  to   space 512K, 0% used [0x00000000d5a80000,0x00000000d5a80000,0x00000000d5b00000)
 ParOldGen       total 366080K, used 365703K [0x0000000080000000, 0x0000000096580000, 0x00000000d5580000)
  object space 366080K, 99% used [0x0000000080000000,0x0000000096521e80,0x0000000096580000)
 Metaspace       used 94222K, committed 95872K, reserved 1179648K
  class space    used 9463K, committed 10240K, reserved 1048576K
}
Event: 106025.335 GC heap before
{Heap before GC invocations=4821 (full 8):
 PSYoungGen      total 3072K, used 2880K [0x00000000d5580000, 0x00000000d5b00000, 0x0000000100000000)
  eden space 2560K, 100% used [0x00000000d5580000,0x00000000d5800000,0x00000000d5800000)
  from space 512K, 62% used [0x00000000d5a00000,0x00000000d5a50000,0x00000000d5a80000)
  to   space 512K, 0% used [0x00000000d5a80000,0x00000000d5a80000,0x00000000d5b00000)
 ParOldGen       total 366080K, used 365703K [0x0000000080000000, 0x0000000096580000, 0x00000000d5580000)
  object space 366080K, 99% used [0x0000000080000000,0x0000000096521e80,0x0000000096580000)
 Metaspace       used 94222K, committed 95872K, reserved 1179648K
  class space    used 9463K, committed 10240K, reserved 1048576K
}
Event: 106025.399 GC heap after
{Heap after GC invocations=4821 (full 8):
 PSYoungGen      total 3072K, used 256K [0x00000000d5580000, 0x00000000d5b00000, 0x0000000100000000)
  eden space 2560K, 0% used [0x00000000d5580000,0x00000000d5580000,0x00000000d5800000)
  from space 512K, 50% used [0x00000000d5a80000,0x00000000d5ac0000,0x00000000d5b00000)
  to   space 512K, 0% used [0x00000000d5a00000,0x00000000d5a00000,0x00000000d5a80000)
 ParOldGen       total 366080K, used 365879K [0x0000000080000000, 0x0000000096580000, 0x00000000d5580000)
  object space 366080K, 99% used [0x0000000080000000,0x000000009654de80,0x0000000096580000)
 Metaspace       used 94222K, committed 95872K, reserved 1179648K
  class space    used 9463K, committed 10240K, reserved 1048576K
}
Event: 108388.827 GC heap before
{Heap before GC invocations=4822 (full 8):
 PSYoungGen      total 3072K, used 2816K [0x00000000d5580000, 0x00000000d5b00000, 0x0000000100000000)
  eden space 2560K, 100% used [0x00000000d5580000,0x00000000d5800000,0x00000000d5800000)
  from space 512K, 50% used [0x00000000d5a80000,0x00000000d5ac0000,0x00000000d5b00000)
  to   space 512K, 0% used [0x00000000d5a00000,0x00000000d5a00000,0x00000000d5a80000)
 ParOldGen       total 366080K, used 365879K [0x0000000080000000, 0x0000000096580000, 0x00000000d5580000)
  object space 366080K, 99% used [0x0000000080000000,0x000000009654de80,0x0000000096580000)
 Metaspace       used 94223K, committed 95872K, reserved 1179648K
  class space    used 9463K, committed 10240K, reserved 1048576K
}
Event: 108388.916 GC heap after
{Heap after GC invocations=4822 (full 8):
 PSYoungGen      total 3072K, used 288K [0x00000000d5580000, 0x00000000d5b00000, 0x0000000100000000)
  eden space 2560K, 0% used [0x00000000d5580000,0x00000000d5580000,0x00000000d5800000)
  from space 512K, 56% used [0x00000000d5a00000,0x00000000d5a48000,0x00000000d5a80000)
  to   space 512K, 0% used [0x00000000d5a80000,0x00000000d5a80000,0x00000000d5b00000)
 ParOldGen       total 366080K, used 365879K [0x0000000080000000, 0x0000000096580000, 0x00000000d5580000)
  object space 366080K, 99% used [0x0000000080000000,0x000000009654de80,0x0000000096580000)
 Metaspace       used 94223K, committed 95872K, reserved 1179648K
  class space    used 9463K, committed 10240K, reserved 1048576K
}
Event: 110300.018 GC heap before
{Heap before GC invocations=4823 (full 8):
 PSYoungGen      total 3072K, used 2846K [0x00000000d5580000, 0x00000000d5b00000, 0x0000000100000000)
  eden space 2560K, 99% used [0x00000000d5580000,0x00000000d57ff990,0x00000000d5800000)
  from space 512K, 56% used [0x00000000d5a00000,0x00000000d5a48000,0x00000000d5a80000)
  to   space 512K, 0% used [0x00000000d5a80000,0x00000000d5a80000,0x00000000d5b00000)
 ParOldGen       total 366080K, used 365879K [0x0000000080000000, 0x0000000096580000, 0x00000000d5580000)
  object space 366080K, 99% used [0x0000000080000000,0x000000009654de80,0x0000000096580000)
 Metaspace       used 94223K, committed 95872K, reserved 1179648K
  class space    used 9463K, committed 10240K, reserved 1048576K
}
Event: 110300.071 GC heap after
{Heap after GC invocations=4823 (full 8):
 PSYoungGen      total 3072K, used 192K [0x00000000d5580000, 0x00000000d5b00000, 0x0000000100000000)
  eden space 2560K, 0% used [0x00000000d5580000,0x00000000d5580000,0x00000000d5800000)
  from space 512K, 37% used [0x00000000d5a80000,0x00000000d5ab0000,0x00000000d5b00000)
  to   space 512K, 0% used [0x00000000d5a00000,0x00000000d5a00000,0x00000000d5a80000)
 ParOldGen       total 366080K, used 365879K [0x0000000080000000, 0x0000000096580000, 0x00000000d5580000)
  object space 366080K, 99% used [0x0000000080000000,0x000000009654de80,0x0000000096580000)
 Metaspace       used 94223K, committed 95872K, reserved 1179648K
  class space    used 9463K, committed 10240K, reserved 1048576K
}

